<?xml version="1.0" encoding="UTF-8"?>
<coverage generated="1713385966239" clover="3.2.0">
  <project timestamp="1713385966239" name="All files">
    <metrics statements="28" coveredstatements="26" conditionals="18" coveredconditionals="13" methods="2" coveredmethods="2" elements="48" coveredelements="41" complexity="0" loc="28" ncloc="28" packages="1" files="2" classes="2"/>
    <file name="cart.js" path="/Users/manhnguyenthe/Documents/PROJECT/WOMAN-FASHION/women-office-fashion/public/client/js/cart.js">
      <metrics statements="9" coveredstatements="9" conditionals="6" coveredconditionals="6" methods="1" coveredmethods="1"/>
      <line num="3" count="5" type="cond" truecount="2" falsecount="0"/>
      <line num="4" count="1" type="stmt"/>
      <line num="6" count="4" type="stmt"/>
      <line num="7" count="4" type="cond" truecount="2" falsecount="0"/>
      <line num="8" count="1" type="stmt"/>
      <line num="9" count="3" type="cond" truecount="2" falsecount="0"/>
      <line num="10" count="1" type="stmt"/>
      <line num="12" count="4" type="stmt"/>
      <line num="15" count="1" type="stmt"/>
    </file>
    <file name="showSlides.js" path="/Users/manhnguyenthe/Documents/PROJECT/WOMAN-FASHION/women-office-fashion/public/client/js/showSlides.js">
      <metrics statements="19" coveredstatements="17" conditionals="12" coveredconditionals="7" methods="1" coveredmethods="1"/>
      <line num="3" count="1" type="stmt"/>
      <line num="4" count="1" type="cond" truecount="1" falsecount="1"/>
      <line num="5" count="0" type="stmt"/>
      <line num="11" count="3" type="cond" truecount="1" falsecount="1"/>
      <line num="13" count="3" type="cond" truecount="1" falsecount="1"/>
      <line num="14" count="0" type="stmt"/>
      <line num="16" count="3" type="stmt"/>
      <line num="17" count="3" type="stmt"/>
      <line num="18" count="3" type="cond" truecount="2" falsecount="0"/>
      <line num="19" count="1" type="stmt"/>
      <line num="21" count="3" type="cond" truecount="2" falsecount="0"/>
      <line num="22" count="1" type="stmt"/>
      <line num="24" count="3" type="stmt"/>
      <line num="25" count="6" type="stmt"/>
      <line num="27" count="3" type="stmt"/>
      <line num="28" count="6" type="stmt"/>
      <line num="30" count="3" type="stmt"/>
      <line num="31" count="3" type="stmt"/>
      <line num="34" count="1" type="stmt"/>
    </file>
  </project>
</coverage>
