TN:
SF:public/client/js/cart.js
FN:2,changeQuantity
FNF:1
FNH:1
FNDA:5,changeQuantity
DA:3,5
DA:4,1
DA:6,4
DA:7,4
DA:8,1
DA:9,3
DA:10,1
DA:12,4
DA:15,1
LF:9
LH:9
BRDA:3,0,0,1
BRDA:3,0,1,4
BRDA:7,1,0,1
BRDA:7,1,1,3
BRDA:9,2,0,1
BRDA:9,2,1,2
BRF:6
BRH:6
end_of_record
TN:
SF:public/client/js/showSlides.js
FN:8,showSlides
FNF:1
FNH:1
FNDA:3,showSlides
DA:3,1
DA:4,1
DA:5,0
DA:11,3
DA:13,3
DA:14,0
DA:16,3
DA:17,3
DA:18,3
DA:19,1
DA:21,3
DA:22,1
DA:24,3
DA:25,6
DA:27,3
DA:28,6
DA:30,3
DA:31,3
DA:34,1
LF:19
LH:17
BRDA:4,0,0,0
BRDA:4,0,1,1
BRDA:11,1,0,3
BRDA:11,1,1,0
BRDA:12,2,0,0
BRDA:12,2,1,0
BRDA:13,3,0,0
BRDA:13,3,1,3
BRDA:18,4,0,1
BRDA:18,4,1,2
BRDA:21,5,0,1
BRDA:21,5,1,2
BRF:12
BRH:7
end_of_record
